~/sharelistv2/sharelist $ npm run dev-web

> dev-web

> cd packages/sharelist-web && yarn dev

yarn run v1.22.15

warning package.json: No license field

$ vite

/data/data/com.termux/files/home/sharelistv2/sharelist/packages/sharelist-web/node_modules/esbuild/bin/esbuild:2

throw new Error(`esbuild: Failed to install correctly

^

Error: esbuild: Failed to install correctly

Make sure you don't have "ignore-scripts" set to true. You can check this with

"npm config get ignore-scripts". If that returns true you can reset it back to

false using "npm config set ignore-scripts false" and then reinstall esbuild.

If you're using npm v7, make sure your package-lock.json file contains either

"lockfileVersion": 1 or the code "hasInstallScript": true. If it doesn't have

either of those, then it is likely the case that a known bug in npm v7 has

corrupted your package-lock.json file. Regenerating your package-lock.json file

should fix this issue.

    at Object.<anonymous> (/data/data/com.termux/files/home/sharelistv2/sharelist/packages/sharelist-web/node_modules/esbuild/bin/esbuild:2:7)

    at Module._compile (internal/modules/cjs/loader.js:1063:30)

    at Object.Module._extensions..js (internal/modules/cjs/loader.js:1092:10)

    at Module.load (internal/modules/cjs/loader.js:928:32)

    at Function.Module._load (internal/modules/cjs/loader.js:769:14)

    at Function.executeUserEntryPoint [as runMain] (internal/modules/run_main.js:72:12)

    at internal/main/run_main_module.js:17:47

failed to load config from /data/data/com.termux/files/home/sharelistv2/sharelist/packages/sharelist-web/vite.config.ts

error when starting dev server:

Error: The service was stopped

    at /data/data/com.termux/files/home/sharelistv2/sharelist/packages/sharelist-web/node_modules/esbuild/lib/main.js:1219:25

    at /data/data/com.termux/files/home/sharelistv2/sharelist/packages/sharelist-web/node_modules/esbuild/lib/main.js:611:9

    at Socket.afterClose (/data/data/com.termux/files/home/sharelistv2/sharelist/packages/sharelist-web/node_modules/esbuild/lib/main.js:589:7)

    at Socket.emit (events.js:327:22)

    at endReadableNT (internal/streams/readable.js:1327:12)

    at processTicksAndRejections (internal/process/task_queues.js:80:21)

error Command failed with exit code 1.

info Visit https://yarnpkg.com/en/docs/cli/run for documentation about this command.
